<?xml version="1.0" encoding="UTF-8"?>
<!-- Generated by org.testng.reporters.JUnitReportReporter -->
<testsuite hostname="LAPTOP-QNUPUQPB" failures="0" tests="1" name="test.NewTest" time="6.701" errors="0" timestamp="2022-04-04T16:48:19 IST" skipped="0">
  <testcase classname="test.NewTest" name="test1" time="6.701"/>
  <system-out/>
</testsuite> <!-- test.NewTest -->
