<?xml version="1.0" encoding="UTF-8"?>
<!-- Generated by org.testng.reporters.JUnitReportReporter -->
<testsuite hostname="LAPTOP-QNUPUQPB" failures="0" tests="1" name="test.TestHotelAppTest" time="10.149" errors="0" timestamp="2022-04-04T16:48:19 IST" skipped="0">
  <testcase classname="test.TestHotelAppTest" name="TestHotelApp" time="10.149"/>
  <system-out/>
</testsuite> <!-- test.TestHotelAppTest -->
